{"numFailedTestSuites":0,"numFailedTests":0,"numPassedTestSuites":6,"numPassedTests":20,"numPendingTestSuites":0,"numPendingTests":0,"numRuntimeErrorTestSuites":0,"numTodoTests":0,"numTotalTestSuites":6,"numTotalTests":20,"openHandles":[],"snapshot":{"added":0,"didUpdate":false,"failure":false,"filesAdded":0,"filesRemoved":0,"filesRemovedList":[],"filesUnmatched":0,"filesUpdated":0,"matched":0,"total":0,"unchecked":0,"uncheckedKeysByFile":[],"unmatched":0,"updated":0},"startTime":1772909833782,"success":true,"testResults":[{"assertionResults":[{"ancestorTitles":["Testando o servidor"],"duration":40,"failureDetails":[],"failureMessages":[],"fullName":"Testando o servidor Deve retornar uma mensagem na rota raiz","invocations":1,"location":null,"numPassingAsserts":2,"retryReasons":[],"status":"passed","title":"Deve retornar uma mensagem na rota raiz"}],"endTime":1772909853297,"message":"","name":"C:\\Users\\samuc\\OneDrive\\Área de Trabalho\\Nova pasta\\forca.api-main\\server.test.js","startTime":1772909835050,"status":"passed","summary":""},{"assertionResults":[{"ancestorTitles":["Word Services","insertWords() & validateWord() & generateWords()"],"duration":3,"failureDetails":[],"failureMessages":[],"fullName":"Word Services insertWords() & validateWord() & generateWords() Caso Feliz: Deve gerar, filtrar e inserir palavras com sucesso","invocations":1,"location":null,"numPassingAsserts":5,"retryReasons":[],"status":"passed","title":"Caso Feliz: Deve gerar, filtrar e inserir palavras com sucesso"},{"ancestorTitles":["Word Services","insertWords() & validateWord() & generateWords()"],"duration":1,"failureDetails":[],"failureMessages":[],"fullName":"Word Services insertWords() & validateWord() & generateWords() Caso Borda: OpenAI retorna palavras que falham no Regex e tamanho, gerando array final vazio","invocations":1,"location":null,"numPassingAsserts":3,"retryReasons":[],"status":"passed","title":"Caso Borda: OpenAI retorna palavras que falham no Regex e tamanho, gerando array final vazio"},{"ancestorTitles":["Word Services","insertWords() & validateWord() & generateWords()"],"duration":2,"failureDetails":[],"failureMessages":[],"fullName":"Word Services insertWords() & validateWord() & generateWords() Caso de Erro: API OpenAI falha retornando exceção","invocations":1,"location":null,"numPassingAsserts":3,"retryReasons":[],"status":"passed","title":"Caso de Erro: API OpenAI falha retornando exceção"},{"ancestorTitles":["Word Services","insertWords() & validateWord() & generateWords()"],"duration":1,"failureDetails":[],"failureMessages":[],"fullName":"Word Services insertWords() & validateWord() & generateWords() Caso de Erro: db.sync falha no Sequelize","invocations":1,"location":null,"numPassingAsserts":2,"retryReasons":[],"status":"passed","title":"Caso de Erro: db.sync falha no Sequelize"},{"ancestorTitles":["Word Services","insertWords() & validateWord() & generateWords()"],"duration":1,"failureDetails":[],"failureMessages":[],"fullName":"Word Services insertWords() & validateWord() & generateWords() Caso de Erro: Falha individual ao inserir uma palavra (findOrCreate lança erro)","invocations":1,"location":null,"numPassingAsserts":3,"retryReasons":[],"status":"passed","title":"Caso de Erro: Falha individual ao inserir uma palavra (findOrCreate lança erro)"}],"endTime":1772909854603,"message":"","name":"C:\\Users\\samuc\\OneDrive\\Área de Trabalho\\Nova pasta\\forca.api-main\\src\\services\\wordServices.test.js","startTime":1772909853393,"status":"passed","summary":""},{"assertionResults":[{"ancestorTitles":["Word Controllers","populateWords"],"duration":1,"failureDetails":[],"failureMessages":[],"fullName":"Word Controllers populateWords Caso Feliz: Popula as palavras via service com sucesso","invocations":1,"location":null,"numPassingAsserts":2,"retryReasons":[],"status":"passed","title":"Caso Feliz: Popula as palavras via service com sucesso"},{"ancestorTitles":["Word Controllers","populateWords"],"duration":1,"failureDetails":[],"failureMessages":[],"fullName":"Word Controllers populateWords Caso de Erro: insertWords falha por exceção","invocations":1,"location":null,"numPassingAsserts":3,"retryReasons":[],"status":"passed","title":"Caso de Erro: insertWords falha por exceção"},{"ancestorTitles":["Word Controllers","getRandomWord"],"duration":0,"failureDetails":[],"failureMessages":[],"fullName":"Word Controllers getRandomWord Caso Feliz: Busca palavra, marca como used e retorna a string","invocations":1,"location":null,"numPassingAsserts":4,"retryReasons":[],"status":"passed","title":"Caso Feliz: Busca palavra, marca como used e retorna a string"},{"ancestorTitles":["Word Controllers","getRandomWord"],"duration":0,"failureDetails":[],"failureMessages":[],"fullName":"Word Controllers getRandomWord Caso Borda/Erro: Não encontra registro disponível (null)","invocations":1,"location":null,"numPassingAsserts":2,"retryReasons":[],"status":"passed","title":"Caso Borda/Erro: Não encontra registro disponível (null)"},{"ancestorTitles":["Word Controllers","getRandomWord"],"duration":1,"failureDetails":[],"failureMessages":[],"fullName":"Word Controllers getRandomWord Caso de Erro: Banco falha ao buscar palavra","invocations":1,"location":null,"numPassingAsserts":3,"retryReasons":[],"status":"passed","title":"Caso de Erro: Banco falha ao buscar palavra"}],"endTime":1772909857181,"message":"","name":"C:\\Users\\samuc\\OneDrive\\Área de Trabalho\\Nova pasta\\forca.api-main\\src\\controllers\\wordControllers.test.js","startTime":1772909854629,"status":"passed","summary":""},{"assertionResults":[{"ancestorTitles":["Word Model"],"duration":2,"failureDetails":[],"failureMessages":[],"fullName":"Word Model deve definir o modelo Word com os campos e valores default padrão corretos","invocations":1,"location":null,"numPassingAsserts":1,"retryReasons":[],"status":"passed","title":"deve definir o modelo Word com os campos e valores default padrão corretos"}],"endTime":1772909858307,"message":"","name":"C:\\Users\\samuc\\OneDrive\\Área de Trabalho\\Nova pasta\\forca.api-main\\src\\models\\word.test.js","startTime":1772909857217,"status":"passed","summary":""},{"assertionResults":[{"ancestorTitles":["Game Controllers","getGameWord"],"duration":1,"failureDetails":[],"failureMessages":[],"fullName":"Game Controllers getGameWord Caso de Erro: Deve retornar 400 para data inválida (ex: letras)","invocations":1,"location":null,"numPassingAsserts":2,"retryReasons":[],"status":"passed","title":"Caso de Erro: Deve retornar 400 para data inválida (ex: letras)"},{"ancestorTitles":["Game Controllers","getGameWord"],"duration":1,"failureDetails":[],"failureMessages":[],"fullName":"Game Controllers getGameWord Caso de Erro: Deve retornar 400 para data antes do mínimo (2024-12-25)","invocations":1,"location":null,"numPassingAsserts":2,"retryReasons":[],"status":"passed","title":"Caso de Erro: Deve retornar 400 para data antes do mínimo (2024-12-25)"},{"ancestorTitles":["Game Controllers","getGameWord"],"duration":1,"failureDetails":[],"failureMessages":[],"fullName":"Game Controllers getGameWord Caso de Erro: Deve retornar 400 para data no futuro","invocations":1,"location":null,"numPassingAsserts":2,"retryReasons":[],"status":"passed","title":"Caso de Erro: Deve retornar 400 para data no futuro"},{"ancestorTitles":["Game Controllers","getGameWord"],"duration":1,"failureDetails":[],"failureMessages":[],"fullName":"Game Controllers getGameWord Caso Feliz: Jogo já existe para a data informada (Early return)","invocations":1,"location":null,"numPassingAsserts":3,"retryReasons":[],"status":"passed","title":"Caso Feliz: Jogo já existe para a data informada (Early return)"},{"ancestorTitles":["Game Controllers","getGameWord"],"duration":1,"failureDetails":[],"failureMessages":[],"fullName":"Game Controllers getGameWord Caso Feliz: Jogo não existe, busca nova palavra, marca como usada e cria jogo","invocations":1,"location":null,"numPassingAsserts":5,"retryReasons":[],"status":"passed","title":"Caso Feliz: Jogo não existe, busca nova palavra, marca como usada e cria jogo"},{"ancestorTitles":["Game Controllers","getGameWord"],"duration":13,"failureDetails":[],"failureMessages":[],"fullName":"Game Controllers getGameWord Caso Borda/Erro: Jogo não existe mas não há palavras disponíveis no BD","invocations":1,"location":null,"numPassingAsserts":3,"retryReasons":[],"status":"passed","title":"Caso Borda/Erro: Jogo não existe mas não há palavras disponíveis no BD"},{"ancestorTitles":["Game Controllers","getGameWord"],"duration":1,"failureDetails":[],"failureMessages":[],"fullName":"Game Controllers getGameWord Caso de Erro: Exceção lançada pelo banco cai no catch","invocations":1,"location":null,"numPassingAsserts":3,"retryReasons":[],"status":"passed","title":"Caso de Erro: Exceção lançada pelo banco cai no catch"}],"endTime":1772909859501,"message":"","name":"C:\\Users\\samuc\\OneDrive\\Área de Trabalho\\Nova pasta\\forca.api-main\\src\\controllers\\gameControllers.test.js","startTime":1772909858329,"status":"passed","summary":""},{"assertionResults":[{"ancestorTitles":["Game Model"],"duration":1,"failureDetails":[],"failureMessages":[],"fullName":"Game Model deve definir o modelo Game com os campos corretos","invocations":1,"location":null,"numPassingAsserts":1,"retryReasons":[],"status":"passed","title":"deve definir o modelo Game com os campos corretos"}],"endTime":1772909860626,"message":"","name":"C:\\Users\\samuc\\OneDrive\\Área de Trabalho\\Nova pasta\\forca.api-main\\src\\models\\game.test.js","startTime":1772909859534,"status":"passed","summary":""}],"wasInterrupted":false}
