{"C:\\Users\\samuc\\OneDrive\\Área de Trabalho\\Nova pasta\\forca.api-main\\server.js": {"path":"C:\\Users\\samuc\\OneDrive\\Área de Trabalho\\Nova pasta\\forca.api-main\\server.js","statementMap":{"0":{"start":{"line":1,"column":0},"end":{"line":1,"column":27}},"1":{"start":{"line":2,"column":16},"end":{"line":2,"column":34}},"2":{"start":{"line":3,"column":13},"end":{"line":3,"column":28}},"3":{"start":{"line":4,"column":18},"end":{"line":4,"column":44}},"4":{"start":{"line":5,"column":19},"end":{"line":5,"column":53}},"5":{"start":{"line":6,"column":19},"end":{"line":6,"column":53}},"6":{"start":{"line":8,"column":12},"end":{"line":8,"column":21}},"7":{"start":{"line":9,"column":13},"end":{"line":9,"column":37}},"8":{"start":{"line":11,"column":0},"end":{"line":11,"column":24}},"9":{"start":{"line":12,"column":0},"end":{"line":12,"column":16}},"10":{"start":{"line":13,"column":0},"end":{"line":13,"column":27}},"11":{"start":{"line":14,"column":0},"end":{"line":14,"column":27}},"12":{"start":{"line":16,"column":0},"end":{"line":18,"column":3}},"13":{"start":{"line":17,"column":2},"end":{"line":17,"column":42}},"14":{"start":{"line":21,"column":0},"end":{"line":32,"column":1}},"15":{"start":{"line":22,"column":2},"end":{"line":27,"column":6}},"16":{"start":{"line":24,"column":16},"end":{"line":24,"column":59}},"17":{"start":{"line":26,"column":6},"end":{"line":26,"column":65}},"18":{"start":{"line":29,"column":2},"end":{"line":31,"column":5}},"19":{"start":{"line":30,"column":4},"end":{"line":30,"column":64}},"20":{"start":{"line":34,"column":0},"end":{"line":34,"column":21}}},"fnMap":{"0":{"name":"(anonymous_0)","decl":{"start":{"line":16,"column":13},"end":{"line":16,"column":14}},"loc":{"start":{"line":16,"column":27},"end":{"line":18,"column":1}},"line":16},"1":{"name":"(anonymous_1)","decl":{"start":{"line":24,"column":10},"end":{"line":24,"column":11}},"loc":{"start":{"line":24,"column":16},"end":{"line":24,"column":59}},"line":24},"2":{"name":"(anonymous_2)","decl":{"start":{"line":25,"column":11},"end":{"line":25,"column":12}},"loc":{"start":{"line":26,"column":6},"end":{"line":26,"column":65}},"line":26},"3":{"name":"(anonymous_3)","decl":{"start":{"line":29,"column":19},"end":{"line":29,"column":20}},"loc":{"start":{"line":29,"column":25},"end":{"line":31,"column":3}},"line":29}},"branchMap":{"0":{"loc":{"start":{"line":9,"column":13},"end":{"line":9,"column":37}},"type":"binary-expr","locations":[{"start":{"line":9,"column":13},"end":{"line":9,"column":29}},{"start":{"line":9,"column":33},"end":{"line":9,"column":37}}],"line":9},"1":{"loc":{"start":{"line":21,"column":0},"end":{"line":32,"column":1}},"type":"if","locations":[{"start":{"line":21,"column":0},"end":{"line":32,"column":1}},{"start":{},"end":{}}],"line":21}},"s":{"0":1,"1":1,"2":1,"3":1,"4":1,"5":1,"6":1,"7":1,"8":1,"9":1,"10":1,"11":1,"12":1,"13":1,"14":1,"15":0,"16":0,"17":0,"18":0,"19":0,"20":1},"f":{"0":1,"1":0,"2":0,"3":0},"b":{"0":[1,1],"1":[0,1]},"_coverageSchema":"1a1c01bbd47fc00a2c39e90264f33305004495a9","hash":"5db39ca51ca4d28ff4795b5ca0b93bfbdef8fa49"}
,"C:\\Users\\samuc\\OneDrive\\Área de Trabalho\\Nova pasta\\forca.api-main\\src\\controllers\\gameControllers.js": {"path":"C:\\Users\\samuc\\OneDrive\\Área de Trabalho\\Nova pasta\\forca.api-main\\src\\controllers\\gameControllers.js","statementMap":{"0":{"start":{"line":1,"column":13},"end":{"line":1,"column":38}},"1":{"start":{"line":2,"column":13},"end":{"line":2,"column":38}},"2":{"start":{"line":3,"column":13},"end":{"line":3,"column":33}},"3":{"start":{"line":6,"column":21},"end":{"line":6,"column":31}},"4":{"start":{"line":8,"column":24},"end":{"line":8,"column":38}},"5":{"start":{"line":9,"column":18},"end":{"line":9,"column":28}},"6":{"start":{"line":10,"column":20},"end":{"line":10,"column":42}},"7":{"start":{"line":12,"column":4},"end":{"line":14,"column":5}},"8":{"start":{"line":13,"column":8},"end":{"line":13,"column":61}},"9":{"start":{"line":16,"column":4},"end":{"line":40,"column":5}},"10":{"start":{"line":17,"column":19},"end":{"line":17,"column":56}},"11":{"start":{"line":19,"column":8},"end":{"line":21,"column":9}},"12":{"start":{"line":20,"column":12},"end":{"line":20,"column":47}},"13":{"start":{"line":23,"column":24},"end":{"line":23,"column":67}},"14":{"start":{"line":25,"column":8},"end":{"line":28,"column":9}},"15":{"start":{"line":27,"column":12},"end":{"line":27,"column":80}},"16":{"start":{"line":30,"column":8},"end":{"line":30,"column":30}},"17":{"start":{"line":31,"column":8},"end":{"line":31,"column":31}},"18":{"start":{"line":33,"column":8},"end":{"line":33,"column":63}},"19":{"start":{"line":35,"column":8},"end":{"line":35,"column":36}},"20":{"start":{"line":38,"column":8},"end":{"line":38,"column":64}},"21":{"start":{"line":39,"column":8},"end":{"line":39,"column":67}},"22":{"start":{"line":44,"column":0},"end":{"line":44,"column":33}}},"fnMap":{"0":{"name":"getGameWord","decl":{"start":{"line":5,"column":15},"end":{"line":5,"column":26}},"loc":{"start":{"line":5,"column":35},"end":{"line":42,"column":1}},"line":5}},"branchMap":{"0":{"loc":{"start":{"line":12,"column":4},"end":{"line":14,"column":5}},"type":"if","locations":[{"start":{"line":12,"column":4},"end":{"line":14,"column":5}},{"start":{},"end":{}}],"line":12},"1":{"loc":{"start":{"line":12,"column":7},"end":{"line":12,"column":73}},"type":"binary-expr","locations":[{"start":{"line":12,"column":7},"end":{"line":12,"column":25}},{"start":{"line":12,"column":29},"end":{"line":12,"column":50}},{"start":{"line":12,"column":54},"end":{"line":12,"column":73}}],"line":12},"2":{"loc":{"start":{"line":19,"column":8},"end":{"line":21,"column":9}},"type":"if","locations":[{"start":{"line":19,"column":8},"end":{"line":21,"column":9}},{"start":{},"end":{}}],"line":19},"3":{"loc":{"start":{"line":25,"column":8},"end":{"line":28,"column":9}},"type":"if","locations":[{"start":{"line":25,"column":8},"end":{"line":28,"column":9}},{"start":{},"end":{}}],"line":25}},"s":{"0":2,"1":2,"2":2,"3":7,"4":7,"5":7,"6":7,"7":7,"8":3,"9":4,"10":4,"11":3,"12":1,"13":2,"14":2,"15":1,"16":2,"17":1,"18":1,"19":1,"20":2,"21":2,"22":2},"f":{"0":7},"b":{"0":[3,4],"1":[7,6,5],"2":[1,2],"3":[1,1]},"_coverageSchema":"1a1c01bbd47fc00a2c39e90264f33305004495a9","hash":"7e03ab3625a0e46a502452ba96fe2a016a465072"}
,"C:\\Users\\samuc\\OneDrive\\Área de Trabalho\\Nova pasta\\forca.api-main\\src\\controllers\\wordControllers.js": {"path":"C:\\Users\\samuc\\OneDrive\\Área de Trabalho\\Nova pasta\\forca.api-main\\src\\controllers\\wordControllers.js","statementMap":{"0":{"start":{"line":1,"column":13},"end":{"line":1,"column":38}},"1":{"start":{"line":2,"column":24},"end":{"line":2,"column":59}},"2":{"start":{"line":5,"column":4},"end":{"line":12,"column":5}},"3":{"start":{"line":6,"column":8},"end":{"line":6,"column":28}},"4":{"start":{"line":7,"column":8},"end":{"line":7,"column":65}},"5":{"start":{"line":10,"column":8},"end":{"line":10,"column":60}},"6":{"start":{"line":11,"column":8},"end":{"line":11,"column":68}},"7":{"start":{"line":18,"column":4},"end":{"line":33,"column":5}},"8":{"start":{"line":19,"column":21},"end":{"line":19,"column":67}},"9":{"start":{"line":21,"column":8},"end":{"line":23,"column":9}},"10":{"start":{"line":22,"column":12},"end":{"line":22,"column":81}},"11":{"start":{"line":25,"column":8},"end":{"line":25,"column":25}},"12":{"start":{"line":26,"column":8},"end":{"line":26,"column":26}},"13":{"start":{"line":28,"column":8},"end":{"line":28,"column":38}},"14":{"start":{"line":31,"column":8},"end":{"line":31,"column":55}},"15":{"start":{"line":32,"column":8},"end":{"line":32,"column":66}},"16":{"start":{"line":36,"column":0},"end":{"line":36,"column":50}}},"fnMap":{"0":{"name":"populateWords","decl":{"start":{"line":4,"column":15},"end":{"line":4,"column":28}},"loc":{"start":{"line":4,"column":39},"end":{"line":14,"column":1}},"line":4},"1":{"name":"getRandomWord","decl":{"start":{"line":16,"column":15},"end":{"line":16,"column":28}},"loc":{"start":{"line":16,"column":39},"end":{"line":34,"column":1}},"line":16}},"branchMap":{"0":{"loc":{"start":{"line":21,"column":8},"end":{"line":23,"column":9}},"type":"if","locations":[{"start":{"line":21,"column":8},"end":{"line":23,"column":9}},{"start":{},"end":{}}],"line":21}},"s":{"0":2,"1":2,"2":2,"3":2,"4":1,"5":1,"6":1,"7":3,"8":3,"9":2,"10":1,"11":1,"12":1,"13":1,"14":1,"15":1,"16":2},"f":{"0":2,"1":3},"b":{"0":[1,1]},"_coverageSchema":"1a1c01bbd47fc00a2c39e90264f33305004495a9","hash":"448f68552fc9cceb998d718efd2ae6932d1aafab"}
,"C:\\Users\\samuc\\OneDrive\\Área de Trabalho\\Nova pasta\\forca.api-main\\src\\models\\game.js": {"path":"C:\\Users\\samuc\\OneDrive\\Área de Trabalho\\Nova pasta\\forca.api-main\\src\\models\\game.js","statementMap":{"0":{"start":{"line":1,"column":22},"end":{"line":1,"column":42}},"1":{"start":{"line":2,"column":18},"end":{"line":2,"column":33}},"2":{"start":{"line":4,"column":13},"end":{"line":15,"column":2}},"3":{"start":{"line":17,"column":0},"end":{"line":17,"column":22}}},"fnMap":{},"branchMap":{},"s":{"0":3,"1":3,"2":3,"3":3},"f":{},"b":{},"_coverageSchema":"1a1c01bbd47fc00a2c39e90264f33305004495a9","hash":"23fc344c627c289ae23097636b79ef7c8ca61c3c"}
,"C:\\Users\\samuc\\OneDrive\\Área de Trabalho\\Nova pasta\\forca.api-main\\src\\models\\word.js": {"path":"C:\\Users\\samuc\\OneDrive\\Área de Trabalho\\Nova pasta\\forca.api-main\\src\\models\\word.js","statementMap":{"0":{"start":{"line":1,"column":22},"end":{"line":1,"column":42}},"1":{"start":{"line":2,"column":18},"end":{"line":2,"column":33}},"2":{"start":{"line":4,"column":13},"end":{"line":15,"column":2}},"3":{"start":{"line":16,"column":0},"end":{"line":16,"column":22}}},"fnMap":{},"branchMap":{},"s":{"0":4,"1":4,"2":4,"3":4},"f":{},"b":{},"_coverageSchema":"1a1c01bbd47fc00a2c39e90264f33305004495a9","hash":"d055bed4c55438a8426989f3fee68cda5fd3ad4d"}
,"C:\\Users\\samuc\\OneDrive\\Área de Trabalho\\Nova pasta\\forca.api-main\\src\\routes\\gameRoutes.js": {"path":"C:\\Users\\samuc\\OneDrive\\Área de Trabalho\\Nova pasta\\forca.api-main\\src\\routes\\gameRoutes.js","statementMap":{"0":{"start":{"line":1,"column":16},"end":{"line":1,"column":34}},"1":{"start":{"line":2,"column":24},"end":{"line":2,"column":65}},"2":{"start":{"line":4,"column":15},"end":{"line":4,"column":31}},"3":{"start":{"line":6,"column":0},"end":{"line":6,"column":38}},"4":{"start":{"line":8,"column":0},"end":{"line":8,"column":24}}},"fnMap":{},"branchMap":{},"s":{"0":1,"1":1,"2":1,"3":1,"4":1},"f":{},"b":{},"_coverageSchema":"1a1c01bbd47fc00a2c39e90264f33305004495a9","hash":"64f7198753b0394e9b915f8512e5f6be642e4e91"}
,"C:\\Users\\samuc\\OneDrive\\Área de Trabalho\\Nova pasta\\forca.api-main\\src\\routes\\wordRoutes.js": {"path":"C:\\Users\\samuc\\OneDrive\\Área de Trabalho\\Nova pasta\\forca.api-main\\src\\routes\\wordRoutes.js","statementMap":{"0":{"start":{"line":1,"column":16},"end":{"line":1,"column":34}},"1":{"start":{"line":2,"column":41},"end":{"line":2,"column":82}},"2":{"start":{"line":4,"column":15},"end":{"line":4,"column":31}},"3":{"start":{"line":6,"column":0},"end":{"line":6,"column":35}},"4":{"start":{"line":7,"column":0},"end":{"line":7,"column":35}},"5":{"start":{"line":9,"column":0},"end":{"line":9,"column":24}}},"fnMap":{},"branchMap":{},"s":{"0":1,"1":1,"2":1,"3":1,"4":1,"5":1},"f":{},"b":{},"_coverageSchema":"1a1c01bbd47fc00a2c39e90264f33305004495a9","hash":"3be6d0ba12395f4f25a963744f255cc5f507f71f"}
,"C:\\Users\\samuc\\OneDrive\\Área de Trabalho\\Nova pasta\\forca.api-main\\src\\services\\wordServices.js": {"path":"C:\\Users\\samuc\\OneDrive\\Área de Trabalho\\Nova pasta\\forca.api-main\\src\\services\\wordServices.js","statementMap":{"0":{"start":{"line":1,"column":0},"end":{"line":1,"column":27}},"1":{"start":{"line":2,"column":19},"end":{"line":2,"column":36}},"2":{"start":{"line":3,"column":13},"end":{"line":3,"column":38}},"3":{"start":{"line":4,"column":18},"end":{"line":4,"column":41}},"4":{"start":{"line":6,"column":15},"end":{"line":8,"column":2}},"5":{"start":{"line":10,"column":23},"end":{"line":10,"column":54}},"6":{"start":{"line":14,"column":4},"end":{"line":16,"column":5}},"7":{"start":{"line":15,"column":8},"end":{"line":15,"column":21}},"8":{"start":{"line":18,"column":4},"end":{"line":20,"column":5}},"9":{"start":{"line":19,"column":8},"end":{"line":19,"column":21}},"10":{"start":{"line":22,"column":4},"end":{"line":24,"column":5}},"11":{"start":{"line":23,"column":8},"end":{"line":23,"column":21}},"12":{"start":{"line":26,"column":30},"end":{"line":26,"column":102}},"13":{"start":{"line":27,"column":4},"end":{"line":29,"column":5}},"14":{"start":{"line":28,"column":8},"end":{"line":28,"column":21}},"15":{"start":{"line":31,"column":4},"end":{"line":31,"column":16}},"16":{"start":{"line":35,"column":19},"end":{"line":52,"column":1}},"17":{"start":{"line":53,"column":4},"end":{"line":70,"column":5}},"18":{"start":{"line":54,"column":25},"end":{"line":58,"column":10}},"19":{"start":{"line":60,"column":22},"end":{"line":62,"column":51}},"20":{"start":{"line":62,"column":25},"end":{"line":62,"column":50}},"21":{"start":{"line":64,"column":34},"end":{"line":64,"column":74}},"22":{"start":{"line":64,"column":55},"end":{"line":64,"column":73}},"23":{"start":{"line":65,"column":12},"end":{"line":65,"column":33}},"24":{"start":{"line":68,"column":8},"end":{"line":68,"column":55}},"25":{"start":{"line":69,"column":8},"end":{"line":69,"column":18}},"26":{"start":{"line":75,"column":18},"end":{"line":75,"column":39}},"27":{"start":{"line":77,"column":4},"end":{"line":80,"column":5}},"28":{"start":{"line":78,"column":8},"end":{"line":78,"column":46}},"29":{"start":{"line":79,"column":8},"end":{"line":79,"column":15}},"30":{"start":{"line":82,"column":4},"end":{"line":88,"column":5}},"31":{"start":{"line":83,"column":8},"end":{"line":83,"column":31}},"32":{"start":{"line":84,"column":8},"end":{"line":84,"column":64}},"33":{"start":{"line":86,"column":8},"end":{"line":86,"column":70}},"34":{"start":{"line":87,"column":8},"end":{"line":87,"column":15}},"35":{"start":{"line":90,"column":4},"end":{"line":101,"column":5}},"36":{"start":{"line":91,"column":8},"end":{"line":100,"column":9}},"37":{"start":{"line":93,"column":12},"end":{"line":96,"column":15}},"38":{"start":{"line":97,"column":12},"end":{"line":97,"column":67}},"39":{"start":{"line":99,"column":12},"end":{"line":99,"column":71}},"40":{"start":{"line":103,"column":4},"end":{"line":103,"column":63}},"41":{"start":{"line":106,"column":0},"end":{"line":106,"column":33}}},"fnMap":{"0":{"name":"validateWord","decl":{"start":{"line":12,"column":9},"end":{"line":12,"column":21}},"loc":{"start":{"line":12,"column":28},"end":{"line":32,"column":1}},"line":12},"1":{"name":"generateWords","decl":{"start":{"line":34,"column":15},"end":{"line":34,"column":28}},"loc":{"start":{"line":34,"column":31},"end":{"line":71,"column":1}},"line":34},"2":{"name":"(anonymous_2)","decl":{"start":{"line":62,"column":17},"end":{"line":62,"column":18}},"loc":{"start":{"line":62,"column":25},"end":{"line":62,"column":50}},"line":62},"3":{"name":"(anonymous_3)","decl":{"start":{"line":64,"column":47},"end":{"line":64,"column":48}},"loc":{"start":{"line":64,"column":55},"end":{"line":64,"column":73}},"line":64},"4":{"name":"insertWords","decl":{"start":{"line":73,"column":15},"end":{"line":73,"column":26}},"loc":{"start":{"line":73,"column":29},"end":{"line":104,"column":1}},"line":73}},"branchMap":{"0":{"loc":{"start":{"line":14,"column":4},"end":{"line":16,"column":5}},"type":"if","locations":[{"start":{"line":14,"column":4},"end":{"line":16,"column":5}},{"start":{},"end":{}}],"line":14},"1":{"loc":{"start":{"line":18,"column":4},"end":{"line":20,"column":5}},"type":"if","locations":[{"start":{"line":18,"column":4},"end":{"line":20,"column":5}},{"start":{},"end":{}}],"line":18},"2":{"loc":{"start":{"line":22,"column":4},"end":{"line":24,"column":5}},"type":"if","locations":[{"start":{"line":22,"column":4},"end":{"line":24,"column":5}},{"start":{},"end":{}}],"line":22},"3":{"loc":{"start":{"line":27,"column":4},"end":{"line":29,"column":5}},"type":"if","locations":[{"start":{"line":27,"column":4},"end":{"line":29,"column":5}},{"start":{},"end":{}}],"line":27},"4":{"loc":{"start":{"line":77,"column":4},"end":{"line":80,"column":5}},"type":"if","locations":[{"start":{"line":77,"column":4},"end":{"line":80,"column":5}},{"start":{},"end":{}}],"line":77}},"s":{"0":3,"1":3,"2":3,"3":3,"4":3,"5":3,"6":14,"7":5,"8":9,"9":0,"10":9,"11":1,"12":8,"13":8,"14":0,"15":8,"16":5,"17":5,"18":5,"19":4,"20":14,"21":4,"22":14,"23":4,"24":1,"25":1,"26":5,"27":5,"28":2,"29":2,"30":3,"31":3,"32":2,"33":1,"34":1,"35":2,"36":6,"37":6,"38":5,"39":1,"40":2,"41":3},"f":{"0":14,"1":5,"2":14,"3":14,"4":5},"b":{"0":[5,9],"1":[0,9],"2":[1,8],"3":[0,8],"4":[2,3]},"_coverageSchema":"1a1c01bbd47fc00a2c39e90264f33305004495a9","hash":"b0056e9309d66fc691048fcdf4d890b065d161bc"}
}
