TN:
SF:server.js
FN:16,(anonymous_0)
FN:24,(anonymous_1)
FN:25,(anonymous_2)
FN:29,(anonymous_3)
FNF:4
FNH:1
FNDA:1,(anonymous_0)
FNDA:0,(anonymous_1)
FNDA:0,(anonymous_2)
FNDA:0,(anonymous_3)
DA:1,1
DA:2,1
DA:3,1
DA:4,1
DA:5,1
DA:6,1
DA:8,1
DA:9,1
DA:11,1
DA:12,1
DA:13,1
DA:14,1
DA:16,1
DA:17,1
DA:21,1
DA:22,0
DA:24,0
DA:26,0
DA:29,0
DA:30,0
DA:34,1
LF:21
LH:16
BRDA:9,0,0,1
BRDA:9,0,1,1
BRDA:21,1,0,0
BRDA:21,1,1,1
BRF:4
BRH:3
end_of_record
TN:
SF:src\controllers\gameControllers.js
FN:5,getGameWord
FNF:1
FNH:1
FNDA:7,getGameWord
DA:1,2
DA:2,2
DA:3,2
DA:6,7
DA:8,7
DA:9,7
DA:10,7
DA:12,7
DA:13,3
DA:16,4
DA:17,4
DA:19,3
DA:20,1
DA:23,2
DA:25,2
DA:27,1
DA:30,2
DA:31,1
DA:33,1
DA:35,1
DA:38,2
DA:39,2
DA:44,2
LF:23
LH:23
BRDA:12,0,0,3
BRDA:12,0,1,4
BRDA:12,1,0,7
BRDA:12,1,1,6
BRDA:12,1,2,5
BRDA:19,2,0,1
BRDA:19,2,1,2
BRDA:25,3,0,1
BRDA:25,3,1,1
BRF:9
BRH:9
end_of_record
TN:
SF:src\controllers\wordControllers.js
FN:4,populateWords
FN:16,getRandomWord
FNF:2
FNH:2
FNDA:2,populateWords
FNDA:3,getRandomWord
DA:1,2
DA:2,2
DA:5,2
DA:6,2
DA:7,1
DA:10,1
DA:11,1
DA:18,3
DA:19,3
DA:21,2
DA:22,1
DA:25,1
DA:26,1
DA:28,1
DA:31,1
DA:32,1
DA:36,2
LF:17
LH:17
BRDA:21,0,0,1
BRDA:21,0,1,1
BRF:2
BRH:2
end_of_record
TN:
SF:src\models\game.js
FNF:0
FNH:0
DA:1,3
DA:2,3
DA:4,3
DA:17,3
LF:4
LH:4
BRF:0
BRH:0
end_of_record
TN:
SF:src\models\word.js
FNF:0
FNH:0
DA:1,4
DA:2,4
DA:4,4
DA:16,4
LF:4
LH:4
BRF:0
BRH:0
end_of_record
TN:
SF:src\routes\gameRoutes.js
FNF:0
FNH:0
DA:1,1
DA:2,1
DA:4,1
DA:6,1
DA:8,1
LF:5
LH:5
BRF:0
BRH:0
end_of_record
TN:
SF:src\routes\wordRoutes.js
FNF:0
FNH:0
DA:1,1
DA:2,1
DA:4,1
DA:6,1
DA:7,1
DA:9,1
LF:6
LH:6
BRF:0
BRH:0
end_of_record
TN:
SF:src\services\wordServices.js
FN:12,validateWord
FN:34,generateWords
FN:62,(anonymous_2)
FN:64,(anonymous_3)
FN:73,insertWords
FNF:5
FNH:5
FNDA:14,validateWord
FNDA:5,generateWords
FNDA:14,(anonymous_2)
FNDA:14,(anonymous_3)
FNDA:5,insertWords
DA:1,3
DA:2,3
DA:3,3
DA:4,3
DA:6,3
DA:10,3
DA:14,14
DA:15,5
DA:18,9
DA:19,0
DA:22,9
DA:23,1
DA:26,8
DA:27,8
DA:28,0
DA:31,8
DA:35,5
DA:53,5
DA:54,5
DA:60,4
DA:62,14
DA:64,14
DA:65,4
DA:68,1
DA:69,1
DA:75,5
DA:77,5
DA:78,2
DA:79,2
DA:82,3
DA:83,3
DA:84,2
DA:86,1
DA:87,1
DA:90,2
DA:91,6
DA:93,6
DA:97,5
DA:99,1
DA:103,2
DA:106,3
LF:41
LH:39
BRDA:14,0,0,5
BRDA:14,0,1,9
BRDA:18,1,0,0
BRDA:18,1,1,9
BRDA:22,2,0,1
BRDA:22,2,1,8
BRDA:27,3,0,0
BRDA:27,3,1,8
BRDA:77,4,0,2
BRDA:77,4,1,3
BRF:10
BRH:8
end_of_record
